2024-06-08T17:53:43  chore: bump dev tooling
2024-07-16T12:10:50  docs: expand examples
2024-08-06T19:27:57  test: strengthen coverage
2024-08-21T14:44:04  chore: tune defaults
2024-09-11T09:01:11  refactor: simplify helper
2024-10-20T16:18:18  chore: routine maintenance
2024-11-10T11:35:25  docs: clarify usage notes
2024-11-25T18:52:32  test: add edge case
2024-12-16T13:09:39  refactor: tidy internals
2025-01-24T08:26:46  fix: handle empty input gracefully
2025-02-14T15:43:53  perf: micro-optimization
2025-03-01T10:00:00  style: formatting
2025-03-22T17:17:07  chore: bump dev tooling
2025-04-30T12:34:14  docs: expand examples
2025-05-21T19:51:21  test: strengthen coverage
2025-06-05T14:08:28  chore: tune defaults
2025-07-20T09:25:35  refactor: simplify helper
2025-08-10T16:42:42  chore: routine maintenance
2025-08-25T11:59:49  docs: clarify usage notes
2025-09-15T18:16:56  test: add edge case
2025-10-24T13:33:03  refactor: tidy internals
2025-11-14T08:50:10  fix: handle empty input gracefully
2025-11-29T15:07:17  perf: micro-optimization
2025-12-20T10:24:24  style: formatting
2026-01-28T17:41:31  chore: bump dev tooling
2026-02-18T12:58:38  docs: expand examples
2026-03-05T19:15:45  test: strengthen coverage
2026-03-26T14:32:52  chore: tune defaults
